Microsoft (R) Macro Assembler Version 14.29.30159.0	    12/04/25 14:04:33
main.asm						     Page 1 - 1


				INCLUDE stuff.inc
			      C ; We need Irvine Libraries for this.
			      C INCLUDE Irvine32.inc
			      C ; Include file for Irvine32.lib             (Irvine32.inc)
			      C 
			      C ;OPTION CASEMAP:NONE		; optional: make identifiers case-sensitive
			      C 
			      C INCLUDE SmallWin.inc		; MS-Windows prototypes, structures, and constants
			      C .NOLIST
			      C .LIST
			      C 
			      C INCLUDE VirtualKeys.inc
			      C ; VirtualKeys.inc
			      C .NOLIST
			      C .LIST
			      C 
			      C 
			      C .NOLIST
			      C .LIST
			      C 
			      C 
			      C 

 = 00000005			BufSize = 5

				printMe MACRO msgLabel, msgSize
					pushad
					INVOKE WriteConsole,
				      outputHandler,        ; console output handle
				      ADDR msgLabel,           ; string pointer
				      msgSize,            ; string length
				      0,					; Don't care how many bytes I write. Ignoring.
				      0                    ; not used
					popad
				ENDM

				moveCursor MACRO coords
					pushad
					INVOKE SetConsoleCursorPosition,
						outputHandler,
						coords
				ENDM
				    
				timeCheck MACRO
					.code
					push ESI
					push EDI
					call GetMseconds
					MOV currTime, EAX
					MOV ESI, OFFSET currTime 
					MOV EDI, OFFSET endTime
					CMPSD ; compares the doublewords
					pop EDI
					pop ESI
				ENDM

				;color is fore*16 + back

 00000000			.data
 00000000 00000000		inputHandler HANDLE 0
 00000004 00000000		outputHandler HANDLE 0

 = 0dh, 0ah			newLine EQU <0dh, 0ah>

 00000008			testMsg LABEL BYTE
 00000008  59 6F 75 20 68		BYTE "You have one minute.", newLine
	   61 76 65 20 6F
	   6E 65 20 6D 69
	   6E 75 74 65 2E
	   0D 0A
 0000001E  54 72 79 20 61		BYTE "Try and get as many correct letters as you can!", newLine
	   6E 64 20 67 65
	   74 20 61 73 20
	   6D 61 6E 79 20
	   63 6F 72 72 65
	   63 74 20 6C 65
	   74 74 65 72 73
	   20 61 73 20 79
	   6F 75 20 63 61
	   6E 21 0D 0A
 0000004F  52 65 61 64 79		BYTE "Ready to start? Press any key!", newLine
	   20 74 6F 20 73
	   74 61 72 74 3F
	   20 50 72 65 73
	   73 20 61 6E 79
	   20 6B 65 79 21
	   0D 0A
 0000006F 00000067		msgSize DWORD ($-testMsg)

 00000073			wordMsg LABEL BYTE
 00000073  59 6F 75 72 20		BYTE "Your current word is:",newLine
	   63 75 72 72 65
	   6E 74 20 77 6F
	   72 64 20 69 73
	   3A 0D 0A
 0000008A 00000017		wmSize DWORD ($-wordMsg)

 0000008E			perfMsg LABEL BYTE
 0000008E  50 65 72 66 65		BYTE "Perfect Word! +2 Bonus Points", newLine
	   63 74 20 57 6F
	   72 64 21 20 2B
	   32 20 42 6F 6E
	   75 73 20 50 6F
	   69 6E 74 73 0D
	   0A
 000000AD 0000001F		perfSize DWORD ($-perfMsg)

 000000B1			timeMsg1 LABEL BYTE
 000000B1  54 69 6D 65 27		BYTE "Time's up! Let's see how you did...", newLine
	   73 20 75 70 21
	   20 4C 65 74 27
	   73 20 73 65 65
	   20 68 6F 77 20
	   79 6F 75 20 64
	   69 64 2E 2E 2E
	   0D 0A
 000000D6 00000025		tms1 DWORD ($-timeMsg1)

 000000DA			endMsg LABEL BYTE
 000000DA  0D 0A 54 68 61		BYTE newLine,"Thanks for playing!", newLine
	   6E 6B 73 20 66
	   6F 72 20 70 6C
	   61 79 69 6E 67
	   21 0D 0A
 000000F1  50 72 65 73 73		BYTE "Press any key to close the program.", newLine
	   20 61 6E 79 20
	   6B 65 79 20 74
	   6F 20 63 6C 6F
	   73 65 20 74 68
	   65 20 70 72 6F
	   67 72 61 6D 2E
	   0D 0A
 00000116 0000003C		emSize DWORD ($-endMsg)

 0000011A			pString LABEL BYTE
 0000011A  3E 20 00			BYTE "> ",0
 0000011D 00000003		pSize DWORD ($-pString)

 00000121 00000000		bytesWritten DWORD ?
 00000125 00000000		bytesRead DWORD ?

 00000129 00			charBuf BYTE ?
 0000012A 00000000		charNum DWORD ?
 0000012E 00000000		tempAddress DWORD ?

 00000132 00000000		startTime DWORD ?
 00000136 00000000		currTime DWORD ?
 0000013A 00000000		endTime DWORD ?

 0000013E 00			timeFlag BYTE ?
 0000013F 00			perfectFlag BYTE 0
 00000140 0000 0000		initPos COORD <0, 0>
 00000144 0004 0006		perfPos COORD <4, 6>
 00000148 0000 0005		scorePos COORD <0, 5>
 0000014C 0000 000F		endPos COORD <0, 15>

 00000150 00000000		charactersWritten DWORD 0
 00000154 00000000		correctCharacters DWORD 0
 00000158 00000000		wordCounter DWORD 0
 0000015C 00000000		perfectWords DWORD 0
 00000160 00000000		finalScore DWORD 0

 00000164 00000000		wordIndex DWORD 0

 00000168			buffer LABEL BYTE
 00000168  61 62 69 64 65		BYTE "abide",0,0,0
	   00 00 00
 00000170  61 62 6F 75 74		BYTE "about",0,0,0
	   00 00 00
 00000178  61 62 6F 76 65		BYTE "above",0,0,0
	   00 00 00
 00000180  61 64 64 65 64		BYTE "added",0,0,0
	   00 00 00
 00000188  61 66 6F 72 65		BYTE "afore",0,0,0
	   00 00 00
 00000190  61 66 74 65 72		BYTE "after",0,0,0
	   00 00 00
 00000198  61 67 61 69 6E		BYTE "again",0,0,0
	   00 00 00
 000001A0  61 67 65 6E 74		BYTE "agent",0,0,0
	   00 00 00
 000001A8  61 67 6F 6E 79		BYTE "agony",0,0,0
	   00 00 00
 000001B0  61 67 72 65 65		BYTE "agree",0,0,0
	   00 00 00
 000001B8  61 6C 61 72 6D		BYTE "alarm",0,0,0
	   00 00 00
 000001C0  61 6C 69 76 65		BYTE "alive",0,0,0
	   00 00 00
 000001C8  61 6C 6C 6F 77		BYTE "allow",0,0,0
	   00 00 00
 000001D0  61 6C 6F 6E 65		BYTE "alone",0,0,0
	   00 00 00
 000001D8  61 6C 6F 6E 67		BYTE "along",0,0,0
	   00 00 00
 000001E0  61 6D 6F 6E 67		BYTE "among",0,0,0
	   00 00 00
 000001E8  61 6E 67 65 72		BYTE "anger",0,0,0
	   00 00 00
 000001F0  61 6E 67 72 79		BYTE "angry",0,0,0
	   00 00 00
 000001F8  61 70 70 6C 79		BYTE "apply",0,0,0
	   00 00 00
 00000200  61 72 69 73 65		BYTE "arise",0,0,0
	   00 00 00
 00000208  61 72 72 61 79		BYTE "array",0,0,0
	   00 00 00
 00000210  61 73 6B 65 64		BYTE "asked",0,0,0
	   00 00 00
 00000218  61 76 6F 69 64		BYTE "avoid",0,0,0
	   00 00 00
 00000220  62 61 63 6B 73		BYTE "backs",0,0,0
	   00 00 00
 00000228  62 61 6B 65 64		BYTE "baked",0,0,0
	   00 00 00
 00000230  62 61 6C 6C 73		BYTE "balls",0,0,0
	   00 00 00
 00000238  62 61 73 65 64		BYTE "based",0,0,0
	   00 00 00
 00000240  62 65 67 61 6E		BYTE "began",0,0,0
	   00 00 00
 00000248  62 65 67 69 6E		BYTE "begin",0,0,0
	   00 00 00
 00000250  62 65 67 75 6E		BYTE "begun",0,0,0
	   00 00 00
 00000258  62 65 69 6E 67		BYTE "being",0,0,0
	   00 00 00
 00000260  62 65 6C 6F 77		BYTE "below",0,0,0
	   00 00 00
 00000268  62 69 72 64 73		BYTE "birds",0,0,0
	   00 00 00
 00000270  62 6C 61 6D 65		BYTE "blame",0,0,0
	   00 00 00
 00000278  62 6C 6F 77 6E		BYTE "blown",0,0,0
	   00 00 00
 00000280  62 6C 6F 77 73		BYTE "blows",0,0,0
	   00 00 00
 00000288  62 6F 6E 65 73		BYTE "bones",0,0,0
	   00 00 00
 00000290  62 6F 6F 74 73		BYTE "boots",0,0,0
	   00 00 00
 00000298  62 6F 75 67 68		BYTE "bough",0,0,0
	   00 00 00
 000002A0  62 6F 75 6E 64		BYTE "bound",0,0,0
	   00 00 00
 000002A8  62 6F 77 65 64		BYTE "bowed",0,0,0
	   00 00 00
 000002B0  62 6F 78 65 64		BYTE "boxed",0,0,0
	   00 00 00
 000002B8  62 72 61 73 73		BYTE "brass",0,0,0
	   00 00 00
 000002C0  62 72 61 76 65		BYTE "brave",0,0,0
	   00 00 00
 000002C8  62 72 65 61 6B		BYTE "break",0,0,0
	   00 00 00
 000002D0  62 72 69 6E 67		BYTE "bring",0,0,0
	   00 00 00
 000002D8  62 72 6F 6B 65		BYTE "broke",0,0,0
	   00 00 00
 000002E0  62 72 6F 77 6E		BYTE "brown",0,0,0
	   00 00 00
 000002E8  62 75 72 73 74		BYTE "burst",0,0,0
	   00 00 00
 000002F0  63 61 6B 65 73		BYTE "cakes",0,0,0
	   00 00 00
 000002F8  63 61 72 65 73		BYTE "cares",0,0,0
	   00 00 00
 00000300  63 61 72 72 79		BYTE "carry",0,0,0
	   00 00 00
 00000308  63 61 74 63 68		BYTE "catch",0,0,0
	   00 00 00
 00000310  63 61 75 73 65		BYTE "cause",0,0,0
	   00 00 00
 00000318  63 65 61 73 65		BYTE "cease",0,0,0
	   00 00 00
 00000320  63 68 65 61 70		BYTE "cheap",0,0,0
	   00 00 00
 00000328  63 68 65 63 6B		BYTE "check",0,0,0
	   00 00 00
 00000330  63 68 69 65 66		BYTE "chief",0,0,0
	   00 00 00
 00000338  63 68 69 6C 64		BYTE "child",0,0,0
	   00 00 00
 00000340  63 68 6F 6B 65		BYTE "choke",0,0,0
	   00 00 00
 00000348  63 68 6F 73 65		BYTE "chose",0,0,0
	   00 00 00
 00000350  63 69 76 69 6C		BYTE "civil",0,0,0
	   00 00 00
 00000358  63 6C 61 69 6D		BYTE "claim",0,0,0
	   00 00 00
 00000360  63 6C 61 77 73		BYTE "claws",0,0,0
	   00 00 00
 00000368  63 6C 65 61 6E		BYTE "clean",0,0,0
	   00 00 00
 00000370  63 6C 65 61 72		BYTE "clear",0,0,0
	   00 00 00
 00000378  63 6C 69 6D 62		BYTE "climb",0,0,0
	   00 00 00
 00000380  63 6C 6F 63 6B		BYTE "clock",0,0,0
	   00 00 00
 00000388  63 6C 6F 73 65		BYTE "close",0,0,0
	   00 00 00
 00000390  63 6F 61 73 74		BYTE "coast",0,0,0
	   00 00 00
 00000398  63 6F 64 65 73		BYTE "codes",0,0,0
	   00 00 00
 000003A0  63 6F 6D 65 73		BYTE "comes",0,0,0
	   00 00 00
 000003A8  63 6F 73 74 73		BYTE "costs",0,0,0
	   00 00 00
 000003B0  63 6F 75 6C 64		BYTE "could",0,0,0
	   00 00 00
 000003B8  63 6F 75 72 74		BYTE "court",0,0,0
	   00 00 00
 000003C0  63 72 61 73 68		BYTE "crash",0,0,0
	   00 00 00
 000003C8  63 72 65 65 70		BYTE "creep",0,0,0
	   00 00 00
 000003D0  63 72 65 70 74		BYTE "crept",0,0,0
	   00 00 00
 000003D8  63 72 69 65 64		BYTE "cried",0,0,0
	   00 00 00
 000003E0  63 72 69 65 73		BYTE "cries",0,0,0
	   00 00 00
 000003E8  63 72 6F 77 64		BYTE "crowd",0,0,0
	   00 00 00
 000003F0  63 72 6F 77 6E		BYTE "crown",0,0,0
	   00 00 00
 000003F8  63 75 72 6C 73		BYTE "curls",0,0,0
	   00 00 00
 00000400  63 75 72 6C 79		BYTE "curly",0,0,0
	   00 00 00
 00000408  64 61 6E 63 65		BYTE "dance",0,0,0
	   00 00 00
 00000410  64 61 74 65 73		BYTE "dates",0,0,0
	   00 00 00
 00000418  64 65 61 72 73		BYTE "dears",0,0,0
	   00 00 00
 00000420  64 65 6C 61 79		BYTE "delay",0,0,0
	   00 00 00
 00000428  64 6F 69 6E 67		BYTE "doing",0,0,0
	   00 00 00
 00000430  64 6F 6F 72 73		BYTE "doors",0,0,0
	   00 00 00
 00000438  64 6F 75 62 74		BYTE "doubt",0,0,0
	   00 00 00
 00000440  64 72 65 61 6D		BYTE "dream",0,0,0
	   00 00 00
 00000448  64 72 69 65 64		BYTE "dried",0,0,0
	   00 00 00
 00000450  64 72 69 6E 6B		BYTE "drink",0,0,0
	   00 00 00
 00000458  64 72 69 76 65		BYTE "drive",0,0,0
	   00 00 00
 00000460  64 72 75 6E 6B		BYTE "drunk",0,0,0
	   00 00 00
 00000468  65 61 67 65 72		BYTE "eager",0,0,0
	   00 00 00
 00000470  65 61 72 74 68		BYTE "earth",0,0,0
	   00 00 00
 00000478  65 61 74 65 6E		BYTE "eaten",0,0,0
	   00 00 00
 00000480  65 6C 62 6F 77		BYTE "elbow",0,0,0
	   00 00 00
 00000488  65 6C 65 63 74		BYTE "elect",0,0,0
	   00 00 00
 00000490  65 6D 61 69 6C		BYTE "email",0,0,0
	   00 00 00
 00000498  65 6E 6A 6F 79		BYTE "enjoy",0,0,0
	   00 00 00
 000004A0  65 76 65 72 79		BYTE "every",0,0,0
	   00 00 00
 000004A8  65 78 61 63 74		BYTE "exact",0,0,0
	   00 00 00
 000004B0  66 61 63 65 73		BYTE "faces",0,0,0
	   00 00 00
 000004B8  66 61 69 6E 74		BYTE "faint",0,0,0
	   00 00 00
 000004C0  66 61 6E 63 79		BYTE "fancy",0,0,0
	   00 00 00
 000004C8  66 65 74 63 68		BYTE "fetch",0,0,0
	   00 00 00
 000004D0  66 69 65 6C 64		BYTE "field",0,0,0
	   00 00 00
 000004D8  66 69 66 74 68		BYTE "fifth",0,0,0
	   00 00 00
 000004E0  66 69 67 68 74		BYTE "fight",0,0,0
	   00 00 00
 000004E8  66 69 6C 65 73		BYTE "files",0,0,0
	   00 00 00
 000004F0  66 69 6C 6C 73		BYTE "fills",0,0,0
	   00 00 00
 000004F8  66 69 6E 64 73		BYTE "finds",0,0,0
	   00 00 00
 00000500  66 69 72 73 74		BYTE "first",0,0,0
	   00 00 00
 00000508  66 69 78 65 64		BYTE "fixed",0,0,0
	   00 00 00
 00000510  66 6C 61 6D 65		BYTE "flame",0,0,0
	   00 00 00
 00000518  66 6C 6F 63 6B		BYTE "flock",0,0,0
	   00 00 00
 00000520  66 6C 6F 77 6E		BYTE "flown",0,0,0
	   00 00 00
 00000528  66 6C 75 6E 67		BYTE "flung",0,0,0
	   00 00 00
 00000530  66 6F 72 74 68		BYTE "forth",0,0,0
	   00 00 00
 00000538  66 6F 72 74 79		BYTE "forty",0,0,0
	   00 00 00
 00000540  66 6F 75 6E 64		BYTE "found",0,0,0
	   00 00 00
 00000548  66 72 6F 6E 74		BYTE "front",0,0,0
	   00 00 00
 00000550  66 75 6E 6E 79		BYTE "funny",0,0,0
	   00 00 00
 00000558  67 61 6D 65 73		BYTE "games",0,0,0
	   00 00 00
 00000560  67 69 72 6C 73		BYTE "girls",0,0,0
	   00 00 00
 00000568  67 69 76 65 6E		BYTE "given",0,0,0
	   00 00 00
 00000570  67 6C 61 73 73		BYTE "glass",0,0,0
	   00 00 00
 00000578  67 6C 6F 62 65		BYTE "globe",0,0,0
	   00 00 00
 00000580  67 6F 61 6C 73		BYTE "goals",0,0,0
	   00 00 00
 00000588  67 6F 69 6E 67		BYTE "going",0,0,0
	   00 00 00
 00000590  67 72 61 6E 64		BYTE "grand",0,0,0
	   00 00 00
 00000598  67 72 61 6E 74		BYTE "grant",0,0,0
	   00 00 00
 000005A0  67 72 61 73 73		BYTE "grass",0,0,0
	   00 00 00
 000005A8  67 72 61 76 65		BYTE "grave",0,0,0
	   00 00 00
 000005B0  67 72 65 61 74		BYTE "great",0,0,0
	   00 00 00
 000005B8  67 72 65 65 6E		BYTE "green",0,0,0
	   00 00 00
 000005C0  67 72 69 6E 73		BYTE "grins",0,0,0
	   00 00 00
 000005C8  67 72 6F 73 73		BYTE "gross",0,0,0
	   00 00 00
 000005D0  67 72 6F 75 70		BYTE "group",0,0,0
	   00 00 00
 000005D8  67 72 6F 77 6C		BYTE "growl",0,0,0
	   00 00 00
 000005E0  67 72 6F 77 6E		BYTE "grown",0,0,0
	   00 00 00
 000005E8  67 75 61 72 64		BYTE "guard",0,0,0
	   00 00 00
 000005F0  67 75 65 73 73		BYTE "guess",0,0,0
	   00 00 00
 000005F8  68 61 6E 64 73		BYTE "hands",0,0,0
	   00 00 00
 00000600  68 61 70 70 79		BYTE "happy",0,0,0
	   00 00 00
 00000608  68 65 61 64 73		BYTE "heads",0,0,0
	   00 00 00
 00000610  68 65 61 72 64		BYTE "heard",0,0,0
	   00 00 00
 00000618  68 65 61 72 74		BYTE "heart",0,0,0
	   00 00 00
 00000620  68 65 61 76 79		BYTE "heavy",0,0,0
	   00 00 00
 00000628  68 65 65 6C 73		BYTE "heels",0,0,0
	   00 00 00
 00000630  68 6F 75 72 73		BYTE "hours",0,0,0
	   00 00 00
 00000638  68 6F 75 73 65		BYTE "house",0,0,0
	   00 00 00
 00000640  68 75 72 72 79		BYTE "hurry",0,0,0
	   00 00 00
 00000648  6A 75 72 6F 72		BYTE "juror",0,0,0
	   00 00 00
 00000650  6B 69 6C 6C 73		BYTE "kills",0,0,0
	   00 00 00
 00000658  6B 69 6E 67 73		BYTE "kings",0,0,0
	   00 00 00
 00000660  6B 6E 61 76 65		BYTE "knave",0,0,0
	   00 00 00
 00000668  6B 6E 65 65 6C		BYTE "kneel",0,0,0
	   00 00 00
 00000670  6B 6E 65 6C 74		BYTE "knelt",0,0,0
	   00 00 00
 00000678  6B 6E 69 66 65		BYTE "knife",0,0,0
	   00 00 00
 00000680  6B 6E 6F 77 6E		BYTE "known",0,0,0
	   00 00 00
 00000688  6B 6E 6F 77 73		BYTE "knows",0,0,0
	   00 00 00
 00000690  6C 61 62 65 6C		BYTE "label",0,0,0
	   00 00 00
 00000698  6C 61 6D 70 73		BYTE "lamps",0,0,0
	   00 00 00
 000006A0  6C 61 72 67 65		BYTE "large",0,0,0
	   00 00 00
 000006A8  6C 61 74 69 6E		BYTE "latin",0,0,0
	   00 00 00
 000006B0  6C 65 61 6E 74		BYTE "leant",0,0,0
	   00 00 00
 000006B8  6C 65 61 72 6E		BYTE "learn",0,0,0
	   00 00 00
 000006C0  6C 65 61 73 74		BYTE "least",0,0,0
	   00 00 00
 000006C8  6C 65 61 76 65		BYTE "leave",0,0,0
	   00 00 00
 000006D0  6C 65 64 67 65		BYTE "ledge",0,0,0
	   00 00 00
 000006D8  6C 65 67 61 6C		BYTE "legal",0,0,0
	   00 00 00
 000006E0  6C 69 6B 65 64		BYTE "liked",0,0,0
	   00 00 00
 000006E8  6C 69 6D 62 73		BYTE "limbs",0,0,0
	   00 00 00
 000006F0  6C 69 6E 6B 73		BYTE "links",0,0,0
	   00 00 00
 000006F8  6C 69 76 65 64		BYTE "lived",0,0,0
	   00 00 00
 00000700  6C 69 76 65 73		BYTE "lives",0,0,0
	   00 00 00
 00000708  6C 6F 63 6B 73		BYTE "locks",0,0,0
	   00 00 00
 00000710  6C 6F 6F 73 65		BYTE "loose",0,0,0
	   00 00 00
 00000718  6C 79 69 6E 67		BYTE "lying",0,0,0
	   00 00 00
 00000720  6D 61 62 65 6C		BYTE "mabel",0,0,0
	   00 00 00
 00000728  6D 61 67 69 63		BYTE "magic",0,0,0
	   00 00 00
 00000730  6D 61 6B 65 73		BYTE "makes",0,0,0
	   00 00 00
 00000738  6D 61 72 63 68		BYTE "march",0,0,0
	   00 00 00
 00000740  6D 65 61 6E 73		BYTE "means",0,0,0
	   00 00 00
 00000748  6D 65 61 6E 74		BYTE "meant",0,0,0
	   00 00 00
 00000750  6D 69 67 68 74		BYTE "might",0,0,0
	   00 00 00
 00000758  6D 69 6C 65 73		BYTE "miles",0,0,0
	   00 00 00
 00000760  6D 69 78 65 64		BYTE "mixed",0,0,0
	   00 00 00
 00000768  6D 6F 6E 65 79		BYTE "money",0,0,0
	   00 00 00
 00000770  6D 6F 6E 74 68		BYTE "month",0,0,0
	   00 00 00
 00000778  6D 6F 72 61 6C		BYTE "moral",0,0,0
	   00 00 00
 00000780  6D 6F 75 73 65		BYTE "mouse",0,0,0
	   00 00 00
 00000788  6D 6F 75 74 68		BYTE "mouth",0,0,0
	   00 00 00
 00000790  6D 6F 76 65 64		BYTE "moved",0,0,0
	   00 00 00
 00000798  6E 61 6D 65 73		BYTE "names",0,0,0
	   00 00 00
 000007A0  6E 65 65 64 73		BYTE "needs",0,0,0
	   00 00 00
 000007A8  6E 65 76 65 72		BYTE "never",0,0,0
	   00 00 00
 000007B0  6E 69 67 68 74		BYTE "night",0,0,0
	   00 00 00
 000007B8  6E 6F 69 73 65		BYTE "noise",0,0,0
	   00 00 00
 000007C0  6E 6F 72 74 68		BYTE "north",0,0,0
	   00 00 00
 000007C8  6E 75 72 73 65		BYTE "nurse",0,0,0
	   00 00 00
 000007D0  6F 66 66 65 72		BYTE "offer",0,0,0
	   00 00 00
 000007D8  6F 66 74 65 6E		BYTE "often",0,0,0
	   00 00 00
 000007E0  6F 6C 64 65 72		BYTE "older",0,0,0
	   00 00 00
 000007E8  6F 72 64 65 72		BYTE "order",0,0,0
	   00 00 00
 000007F0  6F 74 68 65 72		BYTE "other",0,0,0
	   00 00 00
 000007F8  6F 75 67 68 74		BYTE "ought",0,0,0
	   00 00 00
 00000800  6F 77 6E 65 72		BYTE "owner",0,0,0
	   00 00 00
 00000808  70 61 67 65 73		BYTE "pages",0,0,0
	   00 00 00
 00000810  70 61 69 6E 74		BYTE "paint",0,0,0
	   00 00 00
 00000818  70 61 69 72 73		BYTE "pairs",0,0,0
	   00 00 00
 00000820  70 61 70 65 72		BYTE "paper",0,0,0
	   00 00 00
 00000828  70 61 72 69 73		BYTE "paris",0,0,0
	   00 00 00
 00000830  70 61 72 74 73		BYTE "parts",0,0,0
	   00 00 00
 00000838  70 61 72 74 79		BYTE "party",0,0,0
	   00 00 00
 00000840  70 69 65 63 65		BYTE "piece",0,0,0
	   00 00 00
 00000848  70 69 6E 63 68		BYTE "pinch",0,0,0
	   00 00 00
 00000850  70 6C 61 63 65		BYTE "place",0,0,0
	   00 00 00
 00000858  70 6C 61 74 65		BYTE "plate",0,0,0
	   00 00 00
 00000860  70 6F 6B 65 72		BYTE "poker",0,0,0
	   00 00 00
 00000868  70 72 69 6E 74		BYTE "print",0,0,0
	   00 00 00
 00000870  70 72 69 7A 65		BYTE "prize",0,0,0
	   00 00 00
 00000878  70 72 6F 75 64		BYTE "proud",0,0,0
	   00 00 00
 00000880  70 72 6F 76 65		BYTE "prove",0,0,0
	   00 00 00
 00000888  70 75 70 70 79		BYTE "puppy",0,0,0
	   00 00 00
 00000890  71 75 65 65 6E		BYTE "queen",0,0,0
	   00 00 00
 00000898  71 75 65 65 72		BYTE "queer",0,0,0
	   00 00 00
 000008A0  71 75 69 63 6B		BYTE "quick",0,0,0
	   00 00 00
 000008A8  71 75 69 65 74		BYTE "quiet",0,0,0
	   00 00 00
 000008B0  71 75 69 74 65		BYTE "quite",0,0,0
	   00 00 00
 000008B8  72 61 76 65 6E		BYTE "raven",0,0,0
	   00 00 00
 000008C0  72 65 61 63 68		BYTE "reach",0,0,0
	   00 00 00
 000008C8  72 65 61 64 79		BYTE "ready",0,0,0
	   00 00 00
 000008D0  72 65 70 6C 79		BYTE "reply",0,0,0
	   00 00 00
 000008D8  72 69 64 67 65		BYTE "ridge",0,0,0
	   00 00 00
 000008E0  72 69 67 68 74		BYTE "right",0,0,0
	   00 00 00
 000008E8  72 69 70 65 72		BYTE "riper",0,0,0
	   00 00 00
 000008F0  72 69 73 65 73		BYTE "rises",0,0,0
	   00 00 00
 000008F8  72 6F 61 73 74		BYTE "roast",0,0,0
	   00 00 00
 00000900  72 6F 6F 74 73		BYTE "roots",0,0,0
	   00 00 00
 00000908  72 6F 73 65 73		BYTE "roses",0,0,0
	   00 00 00
 00000910  72 6F 75 6E 64		BYTE "round",0,0,0
	   00 00 00
 00000918  72 6F 79 61 6C		BYTE "royal",0,0,0
	   00 00 00
 00000920  72 75 6C 65 73		BYTE "rules",0,0,0
	   00 00 00
 00000928  73 61 64 6C 79		BYTE "sadly",0,0,0
	   00 00 00
 00000930  73 61 6E 64 73		BYTE "sands",0,0,0
	   00 00 00
 00000938  73 61 76 65 73		BYTE "saves",0,0,0
	   00 00 00
 00000940  73 63 61 6C 79		BYTE "scaly",0,0,0
	   00 00 00
 00000948  73 65 65 6D 73		BYTE "seems",0,0,0
	   00 00 00
 00000950  73 65 6E 64 73		BYTE "sends",0,0,0
	   00 00 00
 00000958  73 65 6E 73 65		BYTE "sense",0,0,0
	   00 00 00
 00000960  73 65 76 65 6E		BYTE "seven",0,0,0
	   00 00 00
 00000968  73 68 61 6B 65		BYTE "shake",0,0,0
	   00 00 00
 00000970  73 68 61 6C 6C		BYTE "shall",0,0,0
	   00 00 00
 00000978  73 68 61 70 65		BYTE "shape",0,0,0
	   00 00 00
 00000980  73 68 61 72 65		BYTE "share",0,0,0
	   00 00 00
 00000988  73 68 61 72 70		BYTE "sharp",0,0,0
	   00 00 00
 00000990  73 68 6F 63 6B		BYTE "shock",0,0,0
	   00 00 00
 00000998  73 68 6F 65 73		BYTE "shoes",0,0,0
	   00 00 00
 000009A0  73 68 6F 6F 6B		BYTE "shook",0,0,0
	   00 00 00
 000009A8  73 68 6F 72 74		BYTE "short",0,0,0
	   00 00 00
 000009B0  73 69 64 65 73		BYTE "sides",0,0,0
	   00 00 00
 000009B8  73 69 67 68 74		BYTE "sight",0,0,0
	   00 00 00
 000009C0  73 69 6E 63 65		BYTE "since",0,0,0
	   00 00 00
 000009C8  73 69 7A 65 73		BYTE "sizes",0,0,0
	   00 00 00
 000009D0  73 6C 61 74 65		BYTE "slate",0,0,0
	   00 00 00
 000009D8  73 6C 65 65 70		BYTE "sleep",0,0,0
	   00 00 00
 000009E0  73 6D 61 6C 6C		BYTE "small",0,0,0
	   00 00 00
 000009E8  73 6D 6F 6B 65		BYTE "smoke",0,0,0
	   00 00 00
 000009F0  73 6E 61 69 6C		BYTE "snail",0,0,0
	   00 00 00
 000009F8  73 6E 6F 75 74		BYTE "snout",0,0,0
	   00 00 00
 00000A00  73 6F 6C 69 64		BYTE "solid",0,0,0
	   00 00 00
 00000A08  73 6F 72 72 79		BYTE "sorry",0,0,0
	   00 00 00
 00000A10  73 6F 72 74 73		BYTE "sorts",0,0,0
	   00 00 00
 00000A18  73 6F 75 6E 64		BYTE "sound",0,0,0
	   00 00 00
 00000A20  73 70 65 61 6B		BYTE "speak",0,0,0
	   00 00 00
 00000A28  73 70 65 65 64		BYTE "speed",0,0,0
	   00 00 00
 00000A30  73 70 65 6C 6C		BYTE "spell",0,0,0
	   00 00 00
 00000A38  73 70 69 74 65		BYTE "spite",0,0,0
	   00 00 00
 00000A40  73 70 6F 6B 65		BYTE "spoke",0,0,0
	   00 00 00
 00000A48  73 70 6F 6F 6E		BYTE "spoon",0,0,0
	   00 00 00
 00000A50  73 74 61 6C 6B		BYTE "stalk",0,0,0
	   00 00 00
 00000A58  73 74 61 6E 64		BYTE "stand",0,0,0
	   00 00 00
 00000A60  73 74 61 72 74		BYTE "start",0,0,0
	   00 00 00
 00000A68  73 74 61 74 65		BYTE "state",0,0,0
	   00 00 00
 00000A70  73 74 61 79 73		BYTE "stays",0,0,0
	   00 00 00
 00000A78  73 74 69 6C 6C		BYTE "still",0,0,0
	   00 00 00
 00000A80  73 74 6F 6C 65		BYTE "stole",0,0,0
	   00 00 00
 00000A88  73 74 6F 6F 64		BYTE "stood",0,0,0
	   00 00 00
 00000A90  73 74 6F 6F 6C		BYTE "stool",0,0,0
	   00 00 00
 00000A98  73 74 6F 6F 70		BYTE "stoop",0,0,0
	   00 00 00
 00000AA0  73 74 6F 72 79		BYTE "story",0,0,0
	   00 00 00
 00000AA8  73 74 75 66 66		BYTE "stuff",0,0,0
	   00 00 00
 00000AB0  73 75 67 61 72		BYTE "sugar",0,0,0
	   00 00 00
 00000AB8  73 75 6C 6B 79		BYTE "sulky",0,0,0
	   00 00 00
 00000AC0  73 77 61 6D 70		BYTE "swamp",0,0,0
	   00 00 00
 00000AC8  74 61 62 6C 65		BYTE "table",0,0,0
	   00 00 00
 00000AD0  74 61 69 6C 73		BYTE "tails",0,0,0
	   00 00 00
 00000AD8  74 61 6B 65 6E		BYTE "taken",0,0,0
	   00 00 00
 00000AE0  74 61 6B 65 73		BYTE "takes",0,0,0
	   00 00 00
 00000AE8  74 61 72 74 73		BYTE "tarts",0,0,0
	   00 00 00
 00000AF0  74 61 73 74 65		BYTE "taste",0,0,0
	   00 00 00
 00000AF8  74 65 61 72 73		BYTE "tears",0,0,0
	   00 00 00
 00000B00  74 65 6C 6C 73		BYTE "tells",0,0,0
	   00 00 00
 00000B08  74 65 72 6D 73		BYTE "terms",0,0,0
	   00 00 00
 00000B10  74 65 78 74 73		BYTE "texts",0,0,0
	   00 00 00
 00000B18  74 68 61 6E 6B		BYTE "thank",0,0,0
	   00 00 00
 00000B20  74 68 65 69 72		BYTE "their",0,0,0
	   00 00 00
 00000B28  74 68 65 72 65		BYTE "there",0,0,0
	   00 00 00
 00000B30  74 68 65 73 65		BYTE "these",0,0,0
	   00 00 00
 00000B38  74 68 69 63 6B		BYTE "thick",0,0,0
	   00 00 00
 00000B40  74 68 69 6E 67		BYTE "thing",0,0,0
	   00 00 00
 00000B48  74 68 69 6E 6B		BYTE "think",0,0,0
	   00 00 00
 00000B50  74 68 6F 73 65		BYTE "those",0,0,0
	   00 00 00
 00000B58  74 68 72 65 65		BYTE "three",0,0,0
	   00 00 00
 00000B60  74 68 72 65 77		BYTE "threw",0,0,0
	   00 00 00
 00000B68  74 68 72 6F 77		BYTE "throw",0,0,0
	   00 00 00
 00000B70  74 69 67 68 74		BYTE "tight",0,0,0
	   00 00 00
 00000B78  74 69 6D 65 73		BYTE "times",0,0,0
	   00 00 00
 00000B80  74 69 6D 69 64		BYTE "timid",0,0,0
	   00 00 00
 00000B88  74 69 72 65 64		BYTE "tired",0,0,0
	   00 00 00
 00000B90  74 6F 6E 65 73		BYTE "tones",0,0,0
	   00 00 00
 00000B98  74 6F 75 63 68		BYTE "touch",0,0,0
	   00 00 00
 00000BA0  74 72 65 65 73		BYTE "trees",0,0,0
	   00 00 00
 00000BA8  74 72 69 61 6C		BYTE "trial",0,0,0
	   00 00 00
 00000BB0  74 72 69 65 64		BYTE "tried",0,0,0
	   00 00 00
 00000BB8  74 72 69 6D 73		BYTE "trims",0,0,0
	   00 00 00
 00000BC0  74 75 72 6E 73		BYTE "turns",0,0,0
	   00 00 00
 00000BC8  74 77 69 63 65		BYTE "twice",0,0,0
	   00 00 00
 00000BD0  74 77 69 73 74		BYTE "twist",0,0,0
	   00 00 00
 00000BD8  74 79 70 65 73		BYTE "types",0,0,0
	   00 00 00
 00000BE0  75 6E 64 65 72		BYTE "under",0,0,0
	   00 00 00
 00000BE8  75 6E 74 69 6C		BYTE "until",0,0,0
	   00 00 00
 00000BF0  75 70 73 65 74		BYTE "upset",0,0,0
	   00 00 00
 00000BF8  75 73 69 6E 67		BYTE "using",0,0,0
	   00 00 00
 00000C00  75 73 75 61 6C		BYTE "usual",0,0,0
	   00 00 00
 00000C08  76 61 67 75 65		BYTE "vague",0,0,0
	   00 00 00
 00000C10  76 65 72 73 65		BYTE "verse",0,0,0
	   00 00 00
 00000C18  76 69 73 69 74		BYTE "visit",0,0,0
	   00 00 00
 00000C20  76 6F 69 63 65		BYTE "voice",0,0,0
	   00 00 00
 00000C28  77 61 6C 6B 73		BYTE "walks",0,0,0
	   00 00 00
 00000C30  77 61 6E 74 73		BYTE "wants",0,0,0
	   00 00 00
 00000C38  77 61 73 74 65		BYTE "waste",0,0,0
	   00 00 00
 00000C40  77 61 74 63 68		BYTE "watch",0,0,0
	   00 00 00
 00000C48  77 61 74 65 72		BYTE "water",0,0,0
	   00 00 00
 00000C50  77 68 65 72 65		BYTE "where",0,0,0
	   00 00 00
 00000C58  77 68 69 63 68		BYTE "which",0,0,0
	   00 00 00
 00000C60  77 68 69 6C 65		BYTE "while",0,0,0
	   00 00 00
 00000C68  77 68 69 74 65		BYTE "white",0,0,0
	   00 00 00
 00000C70  77 68 6F 6C 65		BYTE "whole",0,0,0
	   00 00 00
 00000C78  77 68 6F 73 65		BYTE "whose",0,0,0
	   00 00 00
 00000C80  77 6F 72 64 73		BYTE "words",0,0,0
	   00 00 00
 00000C88  77 6F 72 6B 73		BYTE "works",0,0,0
	   00 00 00
 00000C90  77 6F 72 6C 64		BYTE "world",0,0,0
	   00 00 00
 00000C98  77 6F 72 72 79		BYTE "worry",0,0,0
	   00 00 00
 00000CA0  77 6F 72 73 65		BYTE "worse",0,0,0
	   00 00 00
 00000CA8  77 6F 72 74 68		BYTE "worth",0,0,0
	   00 00 00
 00000CB0  77 6F 75 6C 64		BYTE "would",0,0,0
	   00 00 00
 00000CB8  77 72 69 74 65		BYTE "write",0,0,0
	   00 00 00
 00000CC0  77 72 6F 6E 67		BYTE "wrong",0,0,0
	   00 00 00
 00000CC8  77 72 6F 74 65		BYTE "wrote",0,0,0
	   00 00 00
 00000CD0  79 61 72 64 73		BYTE "yards",0,0,0
	   00 00 00
 00000CD8  79 6F 75 6E 67		BYTE "young",0,0,0
	   00 00 00

 00000000			.code
 00000000			charPrompt PROC
 00000000  60				pushad
 00000001			promptLoop:
 00000001  E8 00000000 E		call ReadChar
 00000006  3C 5A			CMP AL, 'Z'
 00000008  76 0A			JBE upCheck ; Check if uppercase letter
 0000000A  3C 61			CMP AL, 'a'
 0000000C  72 F3			JB promptLoop ; In the gap between low-a and cap-Z, not a letter.
 0000000E  3C 7A			CMP AL, 'z'
 00000010  77 EF			JA promptLoop ; After the letters, not a letter.
 00000012  EB 04			JMP checkClear
 00000014			upCheck:
 00000014  3C 41			CMP AL, 'A'
 00000016  72 E9			JB promptLoop ; Before the letters, not a letter.
 00000018			checkClear:
 00000018  A2 00000129 R		mov charBuf, AL	
 0000001D  61				popad
 0000001E  C3				ret
 0000001F			charPrompt ENDP

 0000001F			scoreCard PROC
 00000CE0				.data
 00000CE0 43 68 61 72 61		charString BYTE "Characters, Correct / Typed - ",0
	   63 74 65 72 73
	   2C 20 43 6F 72
	   72 65 63 74 20
	   2F 20 54 79 70
	   65 64 20 2D 20
	   00
 00000CFF 57 6F 72 64 73		wordString BYTE "Words, Perfected / Finished - ",0
	   2C 20 50 65 72
	   66 65 63 74 65
	   64 20 2F 20 46
	   69 6E 69 73 68
	   65 64 20 2D 20
	   00
 00000D1E 59 4F 55 52 20		scoreString BYTE "YOUR FINAL SCORE IS... ",0
	   46 49 4E 41 4C
	   20 53 43 4F 52
	   45 20 49 53 2E
	   2E 2E 20 00
 00000D36 0D 0A 00			line BYTE newLine,0
 0000001F				.code
 0000001F  60				pushad
 00000020  BA 00000CE0 R		MOV EDX, OFFSET charString
 00000025  E8 00000000 E		CALL WriteString
 0000002A  A1 00000154 R		MOV EAX, correctCharacters
 0000002F  E8 00000000 E		CALL WriteDec
 00000034  B0 2F			MOV AL, "/"
 00000036  E8 00000000 E		CALL WriteChar
 0000003B  A1 00000150 R		MOV EAX, charactersWritten
 00000040  E8 00000000 E		CALL WriteDec
 00000045  BA 00000D36 R		MOV EDX, OFFSET line
 0000004A  E8 00000000 E		CALL WriteString

 0000004F  BA 00000CFF R		MOV EDX, OFFSET wordString
 00000054  E8 00000000 E		CALL WriteString
 00000059  A1 0000015C R		MOV EAX, perfectWords
 0000005E  D1 E8			SHR EAX, 1
 00000060  E8 00000000 E		CALL WriteDec
 00000065  B0 2F			MOV AL, "/"
 00000067  E8 00000000 E		CALL WriteChar
 0000006C  A1 00000158 R		MOV EAX, wordCounter
 00000071  E8 00000000 E		CALL WriteDec
 00000076  BA 00000D36 R		MOV EDX, OFFSET line
 0000007B  E8 00000000 E		CALL WriteString	

 00000080  BA 00000D1E R		MOV EDX, OFFSET scoreString
 00000085  E8 00000000 E		CALL WriteString
 0000008A  A1 00000160 R		MOV EAX, finalScore
 0000008F  E8 00000000 E		CALL WriteDec
 00000094  61				popad
 00000095  C3				ret
 00000096			scoreCard ENDP



 00000096			main PROC
 00000096  66| B8 0007			MOV AX, black*16 + lightGray
 0000009A  E8 00000000 E		call SetTextColor
					; Setting up handles we care about
					INVOKE GetStdHandle, STD_INPUT_HANDLE
 0000009F  6A F6	   *	    push    -00000000Ah
 000000A1  E8 00000000 E   *	    call   GetStdHandle
 000000A6  A3 00000000 R		MOV inputHandler, EAX
					INVOKE GetStdHandle, STD_OUTPUT_HANDLE
 000000AB  6A F5	   *	    push    -00000000Bh
 000000AD  E8 00000000 E   *	    call   GetStdHandle
 000000B2  A3 00000004 R		MOV outputHandler, EAX

					printMe testMsg, msgSize
 000000B7  60		     1		pushad
 000000B8  6A 00	   *	    push   +000000000h
 000000BA  6A 00	   *	    push   +000000000h
 000000BC  FF 35 0000006F R *	    push   msgSize
 000000C2  68 00000008 R   *	    push   OFFSET testMsg
 000000C7  FF 35 00000004 R *	    push   outputHandler
 000000CD  E8 00000000 E   *	    call   WriteConsoleA
 000000D2  61		     1		popad
					printMe pString, pSize
 000000D3  60		     1		pushad
 000000D4  6A 00	   *	    push   +000000000h
 000000D6  6A 00	   *	    push   +000000000h
 000000D8  FF 35 0000011D R *	    push   pSize
 000000DE  68 0000011A R   *	    push   OFFSET pString
 000000E3  FF 35 00000004 R *	    push   outputHandler
 000000E9  E8 00000000 E   *	    call   WriteConsoleA
 000000EE  61		     1		popad
 000000EF  E8 00000000 E		call ReadChar

 000000F4  E8 00000000 E		call GetMseconds
 000000F9  A3 00000136 R		MOV currTime, EAX
 000000FE  A3 00000132 R		MOV startTime, EAX
 00000103  05 00002710			ADD EAX, (10 * 1000)
 00000108  A3 0000013A R		MOV endTime, EAX

 0000010D  E8 00000000 E		call ClrScr
 00000112			gameLoop:
 00000112  EB 2D			jmp preparation
 00000114			charLoop:
 00000114  E9 000000FD			jmp gameplay
 00000119			endcharLoop:
 00000119  FF 05 0000012A R		inc charNum
 0000011F  E2 F3			LOOP charLoop
 00000121  E8 00000000 E		call ClrScr
 00000126  80 3D 0000013F R		CMP perfectFlag, 1
	   01
 0000012D  0F 84 00000084		JE perfectWord
 00000133			backToIt:
 00000133  B9 00000002			MOV ECX, 2
 00000138  83 05 00000158 R		ADD wordCounter, 1
	   01
 0000013F  E2 D1			LOOP gameLoop

 00000141			preparation:
					; TODO figure out how to pick a random word
 00000141  B8 0000016F			MOV EAX, 367
 00000146  E8 00000000 E		call RandomRange
 0000014B  C1 E0 03			SHL EAX, 3
 0000014E  A3 00000164 R		MOV wordIndex, EAX
					printMe wordMsg, wmSize
 00000153  60		     1		pushad
 00000154  6A 00	   *	    push   +000000000h
 00000156  6A 00	   *	    push   +000000000h
 00000158  FF 35 0000008A R *	    push   wmSize
 0000015E  68 00000073 R   *	    push   OFFSET wordMsg
 00000163  FF 35 00000004 R *	    push   outputHandler
 00000169  E8 00000000 E   *	    call   WriteConsoleA
 0000016E  61		     1		popad
 0000016F  BA 00000168 R		mov EDX, OFFSET buffer
 00000174  03 D0			add EDX, EAX
 00000176  E8 00000000 E		call WriteString
 0000017B  B9 00000005			MOV ECX, 5
 00000180  C7 05 0000012A R		MOV charNum, 0
	   00000000
 0000018A  C6 05 0000013F R		MOV perfectFlag, 1
	   01
 00000191  E8 00000000 E		call Crlf
					printMe pString, pSize
 00000196  60		     1		pushad
 00000197  6A 00	   *	    push   +000000000h
 00000199  6A 00	   *	    push   +000000000h
 0000019B  FF 35 0000011D R *	    push   pSize
 000001A1  68 0000011A R   *	    push   OFFSET pString
 000001A6  FF 35 00000004 R *	    push   outputHandler
 000001AC  E8 00000000 E   *	    call   WriteConsoleA
 000001B1  61		     1		popad
 000001B2  E9 FFFFFF5D			jmp charLoop

 000001B7			perfectWord:
 000001B7  83 05 0000015C R		ADD perfectWords, 2
	   02
					moveCursor perfPos
 000001BE  60		     1		pushad
 000001BF  FF 35 00000144 R *	    push   dword  ptr perfPos
 000001C5  FF 35 00000004 R *	    push   outputHandler
 000001CB  E8 00000000 E   *	    call   SetConsoleCursorPosition
 000001D0  B8 0000000E			MOV EAX, black*16 + yellow
 000001D5  E8 00000000 E		call SetTextColor
					printMe perfMsg, perfSize
 000001DA  60		     1		pushad
 000001DB  6A 00	   *	    push   +000000000h
 000001DD  6A 00	   *	    push   +000000000h
 000001DF  FF 35 000000AD R *	    push   perfSize
 000001E5  68 0000008E R   *	    push   OFFSET perfMsg
 000001EA  FF 35 00000004 R *	    push   outputHandler
 000001F0  E8 00000000 E   *	    call   WriteConsoleA
 000001F5  61		     1		popad
 000001F6  66| B8 0007			MOV AX, black*16 + lightGray
 000001FA  E8 00000000 E		call SetTextColor
					moveCursor initPos
 000001FF  60		     1		pushad
 00000200  FF 35 00000140 R *	    push   dword  ptr initPos
 00000206  FF 35 00000004 R *	    push   outputHandler
 0000020C  E8 00000000 E   *	    call   SetConsoleCursorPosition
 00000211  E9 FFFFFF1D			jmp backToIt

 00000216			gameplay:
 00000216  E8 FFFFFDE5			call CharPrompt
 0000021B  60				pushad
 0000021C  A1 00000164 R		MOV EAX, wordIndex
 00000221  BE 00000168 R		MOV ESI, OFFSET buffer
 00000226  03 F0			ADD ESI, EAX
 00000228  03 35 0000012A R		ADD ESI, charNum
 0000022E  8A 1E			MOV BL, [ESI]
 00000230  38 1D 00000129 R		CMP charBuf, BL
 00000236  61				popad

 00000237  75 0D			jne missed
 00000239  83 05 00000154 R		ADD correctCharacters, 1
	   01
 00000240  66| B8 002F			MOV AX, green*16 + white
 00000244  EB 0B			jmp writing
 00000246			missed:
 00000246  C6 05 0000013F R		MOV perfectFlag, 0
	   00
 0000024D  66| B8 004F			MOV AX, red*16 + white
 00000251			writing:
 00000251  E8 00000000 E		call SetTextColor
					printMe charBuf, 1
 00000256  60		     1		pushad
 00000257  6A 00	   *	    push   +000000000h
 00000259  6A 00	   *	    push   +000000000h
 0000025B  6A 01	   *	    push   +000000001h
 0000025D  68 00000129 R   *	    push   OFFSET charBuf
 00000262  FF 35 00000004 R *	    push   outputHandler
 00000268  E8 00000000 E   *	    call   WriteConsoleA
 0000026D  61		     1		popad
 0000026E  83 05 00000150 R		ADD charactersWritten, 1
	   01
 00000275  66| B8 0007			MOV AX, black*16 + lightGray
 00000279  E8 00000000 E		call SetTextColor
					timeCheck
 0000027E		     1		.code
 0000027E  56		     1		push ESI
 0000027F  57		     1		push EDI
 00000280  E8 00000000 E     1		call GetMseconds
 00000285  A3 00000136 R     1		MOV currTime, EAX
 0000028A  BE 00000136 R     1		MOV ESI, OFFSET currTime 
 0000028F  BF 0000013A R     1		MOV EDI, OFFSET endTime
 00000294  A7		     1		CMPSD ; compares the doublewords
 00000295  5F		     1		pop EDI
 00000296  5E		     1		pop ESI
 00000297  7D 05			jge timeUp
 00000299  E9 FFFFFE7B			jmp endCharLoop

 0000029E			timeUp:
 0000029E  A1 00000160 R		MOV EAX, finalScore
 000002A3  03 05 00000154 R		ADD EAX, correctCharacters
 000002A9  03 05 0000015C R		ADD EAX, perfectWords
 000002AF  A3 00000160 R		MOV finalScore, EAX
 000002B4  E8 00000000 E		call ClrScr
					printMe timeMsg1, tms1
 000002B9  60		     1		pushad
 000002BA  6A 00	   *	    push   +000000000h
 000002BC  6A 00	   *	    push   +000000000h
 000002BE  FF 35 000000D6 R *	    push   tms1
 000002C4  68 000000B1 R   *	    push   OFFSET timeMsg1
 000002C9  FF 35 00000004 R *	    push   outputHandler
 000002CF  E8 00000000 E   *	    call   WriteConsoleA
 000002D4  61		     1		popad
 000002D5  B8 000007D0			MOV EAX, 2000
 000002DA  E8 00000000 E		call Delay

					moveCursor scorePos
 000002DF  60		     1		pushad
 000002E0  FF 35 00000148 R *	    push   dword  ptr scorePos
 000002E6  FF 35 00000004 R *	    push   outputHandler
 000002EC  E8 00000000 E   *	    call   SetConsoleCursorPosition
 000002F1  E8 FFFFFD29			call ScoreCard

					moveCursor endPos
 000002F6  60		     1		pushad
 000002F7  FF 35 0000014C R *	    push   dword  ptr endPos
 000002FD  FF 35 00000004 R *	    push   outputHandler
 00000303  E8 00000000 E   *	    call   SetConsoleCursorPosition
					printMe endMsg, emSize
 00000308  60		     1		pushad
 00000309  6A 00	   *	    push   +000000000h
 0000030B  6A 00	   *	    push   +000000000h
 0000030D  FF 35 00000116 R *	    push   emSize
 00000313  68 000000DA R   *	    push   OFFSET endMsg
 00000318  FF 35 00000004 R *	    push   outputHandler
 0000031E  E8 00000000 E   *	    call   WriteConsoleA
 00000323  61		     1		popad
 00000324  E8 FFFFFCD7			call CharPrompt
					exit
 00000329  6A 00	   *	    push   +000000000h
 0000032B  E8 00000000 E   *	    call   ExitProcess
 00000330			main ENDP
				END main
Microsoft (R) Macro Assembler Version 14.29.30159.0	    12/04/25 14:04:33
main.asm						     Symbols 2 - 1




Macros:

                N a m e                 Type

moveCursor . . . . . . . . . . .	Proc
printMe  . . . . . . . . . . . .	Proc
timeCheck  . . . . . . . . . . .	Proc


Structures and Unions:

                N a m e                  Size
                                         Offset      Type

CONSOLE_CURSOR_INFO  . . . . . .	 00000008
  dwSize . . . . . . . . . . . .	 00000000	 DWord
  bVisible . . . . . . . . . . .	 00000004	 DWord
CONSOLE_SCREEN_BUFFER_INFO . . .	 00000016
  dwSize . . . . . . . . . . . .	 00000000	 DWord
  dwCursorPosition . . . . . . .	 00000004	 DWord
  wAttributes  . . . . . . . . .	 00000008	 Word
  srWindow . . . . . . . . . . .	 0000000A	 QWord
  dwMaximumWindowSize  . . . . .	 00000012	 DWord
COORD  . . . . . . . . . . . . .	 00000004
  X  . . . . . . . . . . . . . .	 00000000	 Word
  Y  . . . . . . . . . . . . . .	 00000002	 Word
FILETIME . . . . . . . . . . . .	 00000008
  loDateTime . . . . . . . . . .	 00000000	 DWord
  hiDateTime . . . . . . . . . .	 00000004	 DWord
FOCUS_EVENT_RECORD . . . . . . .	 00000004
  bSetFocus  . . . . . . . . . .	 00000000	 DWord
FPU_ENVIRON  . . . . . . . . . .	 0000001C
  controlWord  . . . . . . . . .	 00000000	 Word
  statusWord . . . . . . . . . .	 00000004	 Word
  tagWord  . . . . . . . . . . .	 00000008	 Word
  instrPointerOffset . . . . . .	 0000000C	 DWord
  instrPointerSelector . . . . .	 00000010	 DWord
  operandPointerOffset . . . . .	 00000014	 DWord
  operandPointerSelector . . . .	 00000018	 Word
INPUT_RECORD . . . . . . . . . .	 00000014
  EventType  . . . . . . . . . .	 00000000	 Word
  Event  . . . . . . . . . . . .	 00000004	 XmmWord
  bKeyDown . . . . . . . . . . .	 00000000	 DWord
  wRepeatCount . . . . . . . . .	 00000004	 Word
  wVirtualKeyCode  . . . . . . .	 00000006	 Word
  wVirtualScanCode . . . . . . .	 00000008	 Word
  uChar  . . . . . . . . . . . .	 0000000A	 Word
  UnicodeChar  . . . . . . . . .	 00000000	 Word
  AsciiChar  . . . . . . . . . .	 00000000	 Byte
  dwControlKeyState  . . . . . .	 0000000C	 DWord
  dwMousePosition  . . . . . . .	 00000000	 DWord
  dwButtonState  . . . . . . . .	 00000004	 DWord
  dwMouseControlKeyState . . . .	 00000008	 DWord
  dwEventFlags . . . . . . . . .	 0000000C	 DWord
  dwSize . . . . . . . . . . . .	 00000000	 DWord
  dwCommandId  . . . . . . . . .	 00000000	 DWord
  bSetFocus  . . . . . . . . . .	 00000000	 DWord
KEY_EVENT_RECORD . . . . . . . .	 00000010
  bKeyDown . . . . . . . . . . .	 00000000	 DWord
  wRepeatCount . . . . . . . . .	 00000004	 Word
  wVirtualKeyCode  . . . . . . .	 00000006	 Word
  wVirtualScanCode . . . . . . .	 00000008	 Word
  uChar  . . . . . . . . . . . .	 0000000A	 Word
  UnicodeChar  . . . . . . . . .	 00000000	 Word
  AsciiChar  . . . . . . . . . .	 00000000	 Byte
  dwControlKeyState  . . . . . .	 0000000C	 DWord
MENU_EVENT_RECORD  . . . . . . .	 00000004
  dwCommandId  . . . . . . . . .	 00000000	 DWord
MOUSE_EVENT_RECORD . . . . . . .	 00000010
  dwMousePosition  . . . . . . .	 00000000	 DWord
  dwButtonState  . . . . . . . .	 00000004	 DWord
  dwMouseControlKeyState . . . .	 00000008	 DWord
  dwEventFlags . . . . . . . . .	 0000000C	 DWord
SMALL_RECT . . . . . . . . . . .	 00000008
  Left . . . . . . . . . . . . .	 00000000	 Word
  Top  . . . . . . . . . . . . .	 00000002	 Word
  Right  . . . . . . . . . . . .	 00000004	 Word
  Bottom . . . . . . . . . . . .	 00000006	 Word
SYSTEMTIME . . . . . . . . . . .	 00000010
  wYear  . . . . . . . . . . . .	 00000000	 Word
  wMonth . . . . . . . . . . . .	 00000002	 Word
  wDayOfWeek . . . . . . . . . .	 00000004	 Word
  wDay . . . . . . . . . . . . .	 00000006	 Word
  wHour  . . . . . . . . . . . .	 00000008	 Word
  wMinute  . . . . . . . . . . .	 0000000A	 Word
  wSecond  . . . . . . . . . . .	 0000000C	 Word
  wMilliseconds  . . . . . . . .	 0000000E	 Word
WINDOW_BUFFER_SIZE_RECORD  . . .	 00000004
  dwSize . . . . . . . . . . . .	 00000000	 DWord


Segments and Groups:

                N a m e                 Size     Length   Align   Combine Class

FLAT . . . . . . . . . . . . . .	GROUP
STACK  . . . . . . . . . . . . .	32 Bit	 00001000 Para	  Stack	  'STACK'	 
_DATA  . . . . . . . . . . . . .	32 Bit	 00000D39 Para	  Public  'DATA'	
_TEXT  . . . . . . . . . . . . .	32 Bit	 00000330 Para	  Public  'CODE'	


Procedures, parameters, and locals:

                N a m e                 Type     Value    Attr

CloseFile  . . . . . . . . . . .	P Near	 00000000 FLAT	Length= 00000000 External STDCALL
CloseHandle  . . . . . . . . . .	P Near	 00000000 FLAT	Length= 00000000 External STDCALL
Clrscr . . . . . . . . . . . . .	P Near	 00000000 FLAT	Length= 00000000 External STDCALL
CreateFileA  . . . . . . . . . .	P Near	 00000000 FLAT	Length= 00000000 External STDCALL
CreateOutputFile . . . . . . . .	P Near	 00000000 FLAT	Length= 00000000 External STDCALL
Crlf . . . . . . . . . . . . . .	P Near	 00000000 FLAT	Length= 00000000 External STDCALL
Delay  . . . . . . . . . . . . .	P Near	 00000000 FLAT	Length= 00000000 External STDCALL
DumpMem  . . . . . . . . . . . .	P Near	 00000000 FLAT	Length= 00000000 External STDCALL
DumpRegs . . . . . . . . . . . .	P Near	 00000000 FLAT	Length= 00000000 External STDCALL
ExitProcess  . . . . . . . . . .	P Near	 00000000 FLAT	Length= 00000000 External STDCALL
FileTimeToDosDateTime  . . . . .	P Near	 00000000 FLAT	Length= 00000000 External STDCALL
FileTimeToSystemTime . . . . . .	P Near	 00000000 FLAT	Length= 00000000 External STDCALL
FlushConsoleInputBuffer  . . . .	P Near	 00000000 FLAT	Length= 00000000 External STDCALL
FormatMessageA . . . . . . . . .	P Near	 00000000 FLAT	Length= 00000000 External STDCALL
GetCommandLineA  . . . . . . . .	P Near	 00000000 FLAT	Length= 00000000 External STDCALL
GetCommandTail . . . . . . . . .	P Near	 00000000 FLAT	Length= 00000000 External STDCALL
GetConsoleCP . . . . . . . . . .	P Near	 00000000 FLAT	Length= 00000000 External STDCALL
GetConsoleCursorInfo . . . . . .	P Near	 00000000 FLAT	Length= 00000000 External STDCALL
GetConsoleMode . . . . . . . . .	P Near	 00000000 FLAT	Length= 00000000 External STDCALL
GetConsoleScreenBufferInfo . . .	P Near	 00000000 FLAT	Length= 00000000 External STDCALL
GetDateTime  . . . . . . . . . .	P Near	 00000000 FLAT	Length= 00000000 External STDCALL
GetFileTime  . . . . . . . . . .	P Near	 00000000 FLAT	Length= 00000000 External STDCALL
GetKeyState  . . . . . . . . . .	P Near	 00000000 FLAT	Length= 00000000 External STDCALL
GetLastError . . . . . . . . . .	P Near	 00000000 FLAT	Length= 00000000 External STDCALL
GetLocalTime . . . . . . . . . .	P Near	 00000000 FLAT	Length= 00000000 External STDCALL
GetMaxXY . . . . . . . . . . . .	P Near	 00000000 FLAT	Length= 00000000 External STDCALL
GetMseconds  . . . . . . . . . .	P Near	 00000000 FLAT	Length= 00000000 External STDCALL
GetNumberOfConsoleInputEvents  .	P Near	 00000000 FLAT	Length= 00000000 External STDCALL
GetProcessHeap . . . . . . . . .	P Near	 00000000 FLAT	Length= 00000000 External STDCALL
GetStdHandle . . . . . . . . . .	P Near	 00000000 FLAT	Length= 00000000 External STDCALL
GetSystemTime  . . . . . . . . .	P Near	 00000000 FLAT	Length= 00000000 External STDCALL
GetTextColor . . . . . . . . . .	P Near	 00000000 FLAT	Length= 00000000 External STDCALL
GetTickCount . . . . . . . . . .	P Near	 00000000 FLAT	Length= 00000000 External STDCALL
Gotoxy . . . . . . . . . . . . .	P Near	 00000000 FLAT	Length= 00000000 External STDCALL
HeapAlloc  . . . . . . . . . . .	P Near	 00000000 FLAT	Length= 00000000 External STDCALL
HeapCreate . . . . . . . . . . .	P Near	 00000000 FLAT	Length= 00000000 External STDCALL
HeapDestroy  . . . . . . . . . .	P Near	 00000000 FLAT	Length= 00000000 External STDCALL
HeapFree . . . . . . . . . . . .	P Near	 00000000 FLAT	Length= 00000000 External STDCALL
HeapSize . . . . . . . . . . . .	P Near	 00000000 FLAT	Length= 00000000 External STDCALL
IsDigit  . . . . . . . . . . . .	P Near	 00000000 FLAT	Length= 00000000 External STDCALL
LocalFree  . . . . . . . . . . .	P Near	 00000000 FLAT	Length= 00000000 External STDCALL
MessageBoxA  . . . . . . . . . .	P Near	 00000000 FLAT	Length= 00000000 External STDCALL
MsgBoxAsk  . . . . . . . . . . .	P Near	 00000000 FLAT	Length= 00000000 External STDCALL
MsgBox . . . . . . . . . . . . .	P Near	 00000000 FLAT	Length= 00000000 External STDCALL
OpenInputFile  . . . . . . . . .	P Near	 00000000 FLAT	Length= 00000000 External STDCALL
ParseDecimal32 . . . . . . . . .	P Near	 00000000 FLAT	Length= 00000000 External STDCALL
ParseInteger32 . . . . . . . . .	P Near	 00000000 FLAT	Length= 00000000 External STDCALL
PeekConsoleInputA  . . . . . . .	P Near	 00000000 FLAT	Length= 00000000 External STDCALL
Random32 . . . . . . . . . . . .	P Near	 00000000 FLAT	Length= 00000000 External STDCALL
RandomRange  . . . . . . . . . .	P Near	 00000000 FLAT	Length= 00000000 External STDCALL
Randomize  . . . . . . . . . . .	P Near	 00000000 FLAT	Length= 00000000 External STDCALL
ReadChar . . . . . . . . . . . .	P Near	 00000000 FLAT	Length= 00000000 External STDCALL
ReadConsoleA . . . . . . . . . .	P Near	 00000000 FLAT	Length= 00000000 External STDCALL
ReadConsoleInputA  . . . . . . .	P Near	 00000000 FLAT	Length= 00000000 External STDCALL
ReadDec  . . . . . . . . . . . .	P Near	 00000000 FLAT	Length= 00000000 External STDCALL
ReadFile . . . . . . . . . . . .	P Near	 00000000 FLAT	Length= 00000000 External STDCALL
ReadFloat  . . . . . . . . . . .	P Near	 00000000 FLAT	Length= 00000000 External STDCALL
ReadFromFile . . . . . . . . . .	P Near	 00000000 FLAT	Length= 00000000 External STDCALL
ReadHex  . . . . . . . . . . . .	P Near	 00000000 FLAT	Length= 00000000 External STDCALL
ReadInt  . . . . . . . . . . . .	P Near	 00000000 FLAT	Length= 00000000 External STDCALL
ReadKeyFlush . . . . . . . . . .	P Near	 00000000 FLAT	Length= 00000000 External STDCALL
ReadKey  . . . . . . . . . . . .	P Near	 00000000 FLAT	Length= 00000000 External STDCALL
ReadString . . . . . . . . . . .	P Near	 00000000 FLAT	Length= 00000000 External STDCALL
SetConsoleCursorInfo . . . . . .	P Near	 00000000 FLAT	Length= 00000000 External STDCALL
SetConsoleCursorPosition . . . .	P Near	 00000000 FLAT	Length= 00000000 External STDCALL
SetConsoleMode . . . . . . . . .	P Near	 00000000 FLAT	Length= 00000000 External STDCALL
SetConsoleScreenBufferSize . . .	P Near	 00000000 FLAT	Length= 00000000 External STDCALL
SetConsoleTextAttribute  . . . .	P Near	 00000000 FLAT	Length= 00000000 External STDCALL
SetConsoleTitleA . . . . . . . .	P Near	 00000000 FLAT	Length= 00000000 External STDCALL
SetConsoleWindowInfo . . . . . .	P Near	 00000000 FLAT	Length= 00000000 External STDCALL
SetFilePointer . . . . . . . . .	P Near	 00000000 FLAT	Length= 00000000 External STDCALL
SetLocalTime . . . . . . . . . .	P Near	 00000000 FLAT	Length= 00000000 External STDCALL
SetTextColor . . . . . . . . . .	P Near	 00000000 FLAT	Length= 00000000 External STDCALL
ShowFPUStack . . . . . . . . . .	P Near	 00000000 FLAT	Length= 00000000 External STDCALL
Sleep  . . . . . . . . . . . . .	P Near	 00000000 FLAT	Length= 00000000 External STDCALL
StrLength  . . . . . . . . . . .	P Near	 00000000 FLAT	Length= 00000000 External STDCALL
Str_compare  . . . . . . . . . .	P Near	 00000000 FLAT	Length= 00000000 External STDCALL
Str_copy . . . . . . . . . . . .	P Near	 00000000 FLAT	Length= 00000000 External STDCALL
Str_length . . . . . . . . . . .	P Near	 00000000 FLAT	Length= 00000000 External STDCALL
Str_trim . . . . . . . . . . . .	P Near	 00000000 FLAT	Length= 00000000 External STDCALL
Str_ucase  . . . . . . . . . . .	P Near	 00000000 FLAT	Length= 00000000 External STDCALL
SystemTimeToFileTime . . . . . .	P Near	 00000000 FLAT	Length= 00000000 External STDCALL
WaitMsg  . . . . . . . . . . . .	P Near	 00000000 FLAT	Length= 00000000 External STDCALL
WriteBinB  . . . . . . . . . . .	P Near	 00000000 FLAT	Length= 00000000 External STDCALL
WriteBin . . . . . . . . . . . .	P Near	 00000000 FLAT	Length= 00000000 External STDCALL
WriteChar  . . . . . . . . . . .	P Near	 00000000 FLAT	Length= 00000000 External STDCALL
WriteConsoleA  . . . . . . . . .	P Near	 00000000 FLAT	Length= 00000000 External STDCALL
WriteConsoleOutputAttribute  . .	P Near	 00000000 FLAT	Length= 00000000 External STDCALL
WriteConsoleOutputCharacterA . .	P Near	 00000000 FLAT	Length= 00000000 External STDCALL
WriteDec . . . . . . . . . . . .	P Near	 00000000 FLAT	Length= 00000000 External STDCALL
WriteFile  . . . . . . . . . . .	P Near	 00000000 FLAT	Length= 00000000 External STDCALL
WriteFloat . . . . . . . . . . .	P Near	 00000000 FLAT	Length= 00000000 External STDCALL
WriteHexB  . . . . . . . . . . .	P Near	 00000000 FLAT	Length= 00000000 External STDCALL
WriteHex . . . . . . . . . . . .	P Near	 00000000 FLAT	Length= 00000000 External STDCALL
WriteInt . . . . . . . . . . . .	P Near	 00000000 FLAT	Length= 00000000 External STDCALL
WriteStackFrameName  . . . . . .	P Near	 00000000 FLAT	Length= 00000000 External STDCALL
WriteStackFrame  . . . . . . . .	P Near	 00000000 FLAT	Length= 00000000 External STDCALL
WriteString  . . . . . . . . . .	P Near	 00000000 FLAT	Length= 00000000 External STDCALL
WriteToFile  . . . . . . . . . .	P Near	 00000000 FLAT	Length= 00000000 External STDCALL
WriteWindowsMsg  . . . . . . . .	P Near	 00000000 FLAT	Length= 00000000 External STDCALL
charPrompt . . . . . . . . . . .	P Near	 00000000 _TEXT	Length= 0000001F Public STDCALL
  promptLoop . . . . . . . . . .	L Near	 00000001 _TEXT	
  upCheck  . . . . . . . . . . .	L Near	 00000014 _TEXT	
  checkClear . . . . . . . . . .	L Near	 00000018 _TEXT	
main . . . . . . . . . . . . . .	P Near	 00000096 _TEXT	Length= 0000029A Public STDCALL
  gameLoop . . . . . . . . . . .	L Near	 00000112 _TEXT	
  charLoop . . . . . . . . . . .	L Near	 00000114 _TEXT	
  endcharLoop  . . . . . . . . .	L Near	 00000119 _TEXT	
  backToIt . . . . . . . . . . .	L Near	 00000133 _TEXT	
  preparation  . . . . . . . . .	L Near	 00000141 _TEXT	
  perfectWord  . . . . . . . . .	L Near	 000001B7 _TEXT	
  gameplay . . . . . . . . . . .	L Near	 00000216 _TEXT	
  missed . . . . . . . . . . . .	L Near	 00000246 _TEXT	
  writing  . . . . . . . . . . .	L Near	 00000251 _TEXT	
  timeUp . . . . . . . . . . . .	L Near	 0000029E _TEXT	
printf . . . . . . . . . . . . .	P Near	 00000000 FLAT	Length= 00000000 External C
scanf  . . . . . . . . . . . . .	P Near	 00000000 FLAT	Length= 00000000 External C
scoreCard  . . . . . . . . . . .	P Near	 0000001F _TEXT	Length= 00000077 Public STDCALL
wsprintfA  . . . . . . . . . . .	P Near	 00000000 FLAT	Length= 00000000 External C


Symbols:

                N a m e                 Type     Value    Attr

@CodeSize  . . . . . . . . . . .	Number	 00000000h   
@DataSize  . . . . . . . . . . .	Number	 00000000h   
@Interface . . . . . . . . . . .	Number	 00000003h   
@Model . . . . . . . . . . . . .	Number	 00000007h   
@code  . . . . . . . . . . . . .	Text   	 _TEXT
@data  . . . . . . . . . . . . .	Text   	 FLAT
@fardata?  . . . . . . . . . . .	Text   	 FLAT
@fardata . . . . . . . . . . . .	Text   	 FLAT
@stack . . . . . . . . . . . . .	Text   	 FLAT
ALT_MASK . . . . . . . . . . . .	Number	 00000003h   
BufSize  . . . . . . . . . . . .	Number	 00000005h   
CAPSLOCK_ON  . . . . . . . . . .	Number	 00000080h   
CREATE_ALWAYS  . . . . . . . . .	Number	 00000002h   
CREATE_NEW . . . . . . . . . . .	Number	 00000001h   
CTRL_MASK  . . . . . . . . . . .	Number	 0000000Ch   
CreateFile . . . . . . . . . . .	Text   	 CreateFileA
DO_NOT_SHARE . . . . . . . . . .	Number	 00000000h   
ENABLE_ECHO_INPUT  . . . . . . .	Number	 00000004h   
ENABLE_LINE_INPUT  . . . . . . .	Number	 00000002h   
ENABLE_MOUSE_INPUT . . . . . . .	Number	 00000010h   
ENABLE_PROCESSED_INPUT . . . . .	Number	 00000001h   
ENABLE_PROCESSED_OUTPUT  . . . .	Number	 00000001h   
ENABLE_WINDOW_INPUT  . . . . . .	Number	 00000008h   
ENABLE_WRAP_AT_EOL_OUTPUT  . . .	Number	 00000002h   
ENHANCED_KEY . . . . . . . . . .	Number	 00000100h   
FALSE  . . . . . . . . . . . . .	Number	 00000000h   
FILE_APPEND_DATA . . . . . . . .	Number	 00000004h   
FILE_ATTRIBUTE_ARCHIVE . . . . .	Number	 00000020h   
FILE_ATTRIBUTE_COMPRESSED  . . .	Number	 00000800h   
FILE_ATTRIBUTE_DEVICE  . . . . .	Number	 00000040h   
FILE_ATTRIBUTE_DIRECTORY . . . .	Number	 00000010h   
FILE_ATTRIBUTE_ENCRYPTED . . . .	Number	 00004000h   
FILE_ATTRIBUTE_HIDDEN  . . . . .	Number	 00000002h   
FILE_ATTRIBUTE_NORMAL  . . . . .	Number	 00000080h   
FILE_ATTRIBUTE_NOT_CONTENT_INDEXED .	Number	 00002000h   
FILE_ATTRIBUTE_OFFLINE . . . . .	Number	 00001000h   
FILE_ATTRIBUTE_READONLY  . . . .	Number	 00000001h   
FILE_ATTRIBUTE_REPARSE_POINT . .	Number	 00000400h   
FILE_ATTRIBUTE_SPARSE_FILE . . .	Number	 00000200h   
FILE_ATTRIBUTE_SYSTEM  . . . . .	Number	 00000004h   
FILE_ATTRIBUTE_TEMPORARY . . . .	Number	 00000100h   
FILE_BEGIN . . . . . . . . . . .	Number	 00000000h   
FILE_CURRENT . . . . . . . . . .	Number	 00000001h   
FILE_DELETE_CHILD  . . . . . . .	Number	 00000040h   
FILE_END . . . . . . . . . . . .	Number	 00000002h   
FILE_READ_DATA . . . . . . . . .	Number	 00000001h   
FILE_SHARE_DELETE  . . . . . . .	Number	 00000004h   
FILE_SHARE_READ  . . . . . . . .	Number	 00000001h   
FILE_SHARE_WRITE . . . . . . . .	Number	 00000002h   
FILE_WRITE_DATA  . . . . . . . .	Number	 00000002h   
FOCUS_EVENT  . . . . . . . . . .	Number	 00000010h   
FORMAT_MESSAGE_ALLOCATE_BUFFER .	Number	 00000100h   
FORMAT_MESSAGE_FROM_SYSTEM . . .	Number	 00001000h   
FormatMessage  . . . . . . . . .	Text   	 FormatMessageA
GENERIC_ALL  . . . . . . . . . .	Number	 10000000h   
GENERIC_EXECUTE  . . . . . . . .	Number	 20000000h   
GENERIC_READ . . . . . . . . . .	Number	 -80000000h   
GENERIC_WRITE  . . . . . . . . .	Number	 40000000h   
GetCommandLine . . . . . . . . .	Text   	 GetCommandLineA
HANDLE . . . . . . . . . . . . .	Text   	 DWORD
HEAP_GENERATE_EXCEPTIONS . . . .	Number	 00000004h   
HEAP_GROWABLE  . . . . . . . . .	Number	 00000002h   
HEAP_NO_SERIALIZE  . . . . . . .	Number	 00000001h   
HEAP_REALLOC_IN_PLACE_ONLY . . .	Number	 00000010h   
HEAP_ZERO_MEMORY . . . . . . . .	Number	 00000008h   
IDABORT  . . . . . . . . . . . .	Number	 00000003h   
IDCANCEL . . . . . . . . . . . .	Number	 00000002h   
IDCLOSE  . . . . . . . . . . . .	Number	 00000008h   
IDCONTINUE . . . . . . . . . . .	Number	 0000000Bh   
IDHELP . . . . . . . . . . . . .	Number	 00000009h   
IDIGNORE . . . . . . . . . . . .	Number	 00000005h   
IDNO . . . . . . . . . . . . . .	Number	 00000007h   
IDOK . . . . . . . . . . . . . .	Number	 00000001h   
IDRETRY  . . . . . . . . . . . .	Number	 00000004h   
IDTIMEOUT  . . . . . . . . . . .	Number	 00007D00h   
IDTRYAGAIN . . . . . . . . . . .	Number	 0000000Ah   
IDYES  . . . . . . . . . . . . .	Number	 00000006h   
INVALID_HANDLE_VALUE . . . . . .	Number	 -00000001h   
KBDOWN_FLAG  . . . . . . . . . .	Number	 00000001h   
KEY_EVENT  . . . . . . . . . . .	Number	 00000001h   
KEY_MASKS  . . . . . . . . . . .	Number	 0000001Fh   
LEFT_ALT_PRESSED . . . . . . . .	Number	 00000002h   
LEFT_CTRL_PRESSED  . . . . . . .	Number	 00000008h   
MB_ABORTRETRYIGNORE  . . . . . .	Number	 00000002h   
MB_APPLMODAL . . . . . . . . . .	Number	 00000000h   
MB_CANCELTRYCONTINUE . . . . . .	Number	 00000006h   
MB_DEFBUTTON1  . . . . . . . . .	Number	 00000000h   
MB_DEFBUTTON2  . . . . . . . . .	Number	 00000100h   
MB_DEFBUTTON3  . . . . . . . . .	Number	 00000200h   
MB_DEFBUTTON4  . . . . . . . . .	Number	 00000300h   
MB_HELP  . . . . . . . . . . . .	Number	 00004000h   
MB_ICONASTERISK  . . . . . . . .	Number	 00000040h   
MB_ICONERROR . . . . . . . . . .	Number	 00000010h   
MB_ICONEXCLAMATION . . . . . . .	Number	 00000030h   
MB_ICONHAND  . . . . . . . . . .	Number	 00000010h   
MB_ICONINFORMATION . . . . . . .	Number	 00000040h   
MB_ICONQUESTION  . . . . . . . .	Number	 00000020h   
MB_ICONSTOP  . . . . . . . . . .	Number	 00000010h   
MB_ICONWARNING . . . . . . . . .	Number	 00000030h   
MB_OKCANCEL  . . . . . . . . . .	Number	 00000001h   
MB_OK  . . . . . . . . . . . . .	Number	 00000000h   
MB_RETRYCANCEL . . . . . . . . .	Number	 00000005h   
MB_SYSTEMMODAL . . . . . . . . .	Number	 00001000h   
MB_TASKMODAL . . . . . . . . . .	Number	 00002000h   
MB_USERICON  . . . . . . . . . .	Number	 00000080h   
MB_YESNOCANCEL . . . . . . . . .	Number	 00000003h   
MB_YESNO . . . . . . . . . . . .	Number	 00000004h   
MENU_EVENT . . . . . . . . . . .	Number	 00000008h   
MOUSE_EVENT  . . . . . . . . . .	Number	 00000002h   
MessageBox . . . . . . . . . . .	Text   	 MessageBoxA
NULL . . . . . . . . . . . . . .	Number	 00000000h   
NUMLOCK_ON . . . . . . . . . . .	Number	 00000020h   
OPEN_ALWAYS  . . . . . . . . . .	Number	 00000004h   
OPEN_EXISTING  . . . . . . . . .	Number	 00000003h   
PeekConsoleInput . . . . . . . .	Text   	 PeekConsoleInputA
RIGHT_ALT_PRESSED  . . . . . . .	Number	 00000001h   
RIGHT_CTRL_PRESSED . . . . . . .	Number	 00000004h   
ReadConsoleInput . . . . . . . .	Text   	 ReadConsoleInputA
ReadConsole  . . . . . . . . . .	Text   	 ReadConsoleA
SCROLLLOCK_ON  . . . . . . . . .	Number	 00000040h   
SHIFT_MASK . . . . . . . . . . .	Number	 00000010h   
SHIFT_PRESSED  . . . . . . . . .	Number	 00000010h   
STD_ERROR_HANDLE . . . . . . . .	Number	 -0000000Ch   
STD_INPUT_HANDLE . . . . . . . .	Number	 -0000000Ah   
STD_OUTPUT_HANDLE  . . . . . . .	Number	 -0000000Bh   
SetConsoleTitle  . . . . . . . .	Text   	 SetConsoleTitleA
TAB  . . . . . . . . . . . . . .	Number	 00000009h   
TRUE . . . . . . . . . . . . . .	Number	 00000001h   
TRUNCATE_EXISTING  . . . . . . .	Number	 00000005h   
VK_11  . . . . . . . . . . . . .	Number	 000000BDh   
VK_12  . . . . . . . . . . . . .	Number	 000000BBh   
VK_ADD . . . . . . . . . . . . .	Number	 0000006Bh   
VK_BACK  . . . . . . . . . . . .	Number	 00000008h   
VK_CANCEL  . . . . . . . . . . .	Number	 00000003h   
VK_CAPITAL . . . . . . . . . . .	Number	 00000014h   
VK_CLEAR . . . . . . . . . . . .	Number	 0000000Ch   
VK_CONTROL . . . . . . . . . . .	Number	 00000011h   
VK_DECIMAL . . . . . . . . . . .	Number	 0000006Eh   
VK_DELETE  . . . . . . . . . . .	Number	 0000002Eh   
VK_DIVIDE  . . . . . . . . . . .	Number	 0000006Fh   
VK_DOWN  . . . . . . . . . . . .	Number	 00000028h   
VK_END . . . . . . . . . . . . .	Number	 00000023h   
VK_ESCAPE  . . . . . . . . . . .	Number	 0000001Bh   
VK_EXECUTE . . . . . . . . . . .	Number	 0000002Bh   
VK_F10 . . . . . . . . . . . . .	Number	 00000079h   
VK_F11 . . . . . . . . . . . . .	Number	 0000007Ah   
VK_F12 . . . . . . . . . . . . .	Number	 0000007Bh   
VK_F13 . . . . . . . . . . . . .	Number	 0000007Ch   
VK_F14 . . . . . . . . . . . . .	Number	 0000007Dh   
VK_F15 . . . . . . . . . . . . .	Number	 0000007Eh   
VK_F16 . . . . . . . . . . . . .	Number	 0000007Fh   
VK_F17 . . . . . . . . . . . . .	Number	 00000080h   
VK_F18 . . . . . . . . . . . . .	Number	 00000081h   
VK_F19 . . . . . . . . . . . . .	Number	 00000082h   
VK_F1  . . . . . . . . . . . . .	Number	 00000070h   
VK_F20 . . . . . . . . . . . . .	Number	 00000083h   
VK_F21 . . . . . . . . . . . . .	Number	 00000084h   
VK_F22 . . . . . . . . . . . . .	Number	 00000085h   
VK_F23 . . . . . . . . . . . . .	Number	 00000086h   
VK_F24 . . . . . . . . . . . . .	Number	 00000087h   
VK_F2  . . . . . . . . . . . . .	Number	 00000071h   
VK_F3  . . . . . . . . . . . . .	Number	 00000072h   
VK_F4  . . . . . . . . . . . . .	Number	 00000073h   
VK_F5  . . . . . . . . . . . . .	Number	 00000074h   
VK_F6  . . . . . . . . . . . . .	Number	 00000075h   
VK_F7  . . . . . . . . . . . . .	Number	 00000076h   
VK_F8  . . . . . . . . . . . . .	Number	 00000077h   
VK_F9  . . . . . . . . . . . . .	Number	 00000078h   
VK_HELP  . . . . . . . . . . . .	Number	 0000002Fh   
VK_HOME  . . . . . . . . . . . .	Number	 00000024h   
VK_INSERT  . . . . . . . . . . .	Number	 0000002Dh   
VK_LBUTTON . . . . . . . . . . .	Number	 00000001h   
VK_LCONTROL  . . . . . . . . . .	Number	 000000A2h   
VK_LEFT  . . . . . . . . . . . .	Number	 00000025h   
VK_LMENU . . . . . . . . . . . .	Number	 000000A4h   
VK_LSHIFT  . . . . . . . . . . .	Number	 000000A0h   
VK_MENU  . . . . . . . . . . . .	Number	 00000012h   
VK_MULTIPLY  . . . . . . . . . .	Number	 0000006Ah   
VK_NEXT  . . . . . . . . . . . .	Number	 00000022h   
VK_NUMLOCK . . . . . . . . . . .	Number	 00000090h   
VK_NUMPAD0 . . . . . . . . . . .	Number	 00000060h   
VK_NUMPAD1 . . . . . . . . . . .	Number	 00000061h   
VK_NUMPAD2 . . . . . . . . . . .	Number	 00000062h   
VK_NUMPAD3 . . . . . . . . . . .	Number	 00000063h   
VK_NUMPAD4 . . . . . . . . . . .	Number	 00000064h   
VK_NUMPAD5 . . . . . . . . . . .	Number	 00000065h   
VK_NUMPAD6 . . . . . . . . . . .	Number	 00000066h   
VK_NUMPAD7 . . . . . . . . . . .	Number	 00000067h   
VK_NUMPAD8 . . . . . . . . . . .	Number	 00000068h   
VK_NUMPAD9 . . . . . . . . . . .	Number	 00000069h   
VK_PAUSE . . . . . . . . . . . .	Number	 00000013h   
VK_PRINT . . . . . . . . . . . .	Number	 0000002Ah   
VK_PRIOR . . . . . . . . . . . .	Number	 00000021h   
VK_RBUTTON . . . . . . . . . . .	Number	 00000002h   
VK_RCONTROL  . . . . . . . . . .	Number	 000000A3h   
VK_RETURN  . . . . . . . . . . .	Number	 0000000Dh   
VK_RIGHT . . . . . . . . . . . .	Number	 00000027h   
VK_RMENU . . . . . . . . . . . .	Number	 000000A5h   
VK_RSHIFT  . . . . . . . . . . .	Number	 000000A1h   
VK_SCROLL  . . . . . . . . . . .	Number	 00000091h   
VK_SEPARATER . . . . . . . . . .	Number	 0000006Ch   
VK_SHIFT . . . . . . . . . . . .	Number	 00000010h   
VK_SNAPSHOT  . . . . . . . . . .	Number	 0000002Ch   
VK_SPACE . . . . . . . . . . . .	Number	 00000020h   
VK_SUBTRACT  . . . . . . . . . .	Number	 0000006Dh   
VK_TAB . . . . . . . . . . . . .	Number	 00000009h   
VK_UP  . . . . . . . . . . . . .	Number	 00000026h   
WINDOW_BUFFER_SIZE_EVENT . . . .	Number	 00000004h   
WriteConsoleOutputCharacter  . .	Text   	 WriteConsoleOutputCharacterA
WriteConsole . . . . . . . . . .	Text   	 WriteConsoleA
black  . . . . . . . . . . . . .	Number	 00000000h   
blue . . . . . . . . . . . . . .	Number	 00000001h   
brown  . . . . . . . . . . . . .	Number	 00000006h   
buffer . . . . . . . . . . . . .	Byte	 00000168 _DATA	
bytesRead  . . . . . . . . . . .	DWord	 00000125 _DATA	
bytesWritten . . . . . . . . . .	DWord	 00000121 _DATA	
charBuf  . . . . . . . . . . . .	Byte	 00000129 _DATA	
charNum  . . . . . . . . . . . .	DWord	 0000012A _DATA	
charString . . . . . . . . . . .	Byte	 00000CE0 _DATA	
charactersWritten  . . . . . . .	DWord	 00000150 _DATA	
correctCharacters  . . . . . . .	DWord	 00000154 _DATA	
currTime . . . . . . . . . . . .	DWord	 00000136 _DATA	
cyan . . . . . . . . . . . . . .	Number	 00000003h   
emSize . . . . . . . . . . . . .	DWord	 00000116 _DATA	
endMsg . . . . . . . . . . . . .	Byte	 000000DA _DATA	
endPos . . . . . . . . . . . . .	COORD	 0000014C _DATA	
endTime  . . . . . . . . . . . .	DWord	 0000013A _DATA	
exit . . . . . . . . . . . . . .	Text   	 INVOKE ExitProcess,0
finalScore . . . . . . . . . . .	DWord	 00000160 _DATA	
gray . . . . . . . . . . . . . .	Number	 00000008h   
green  . . . . . . . . . . . . .	Number	 00000002h   
initPos  . . . . . . . . . . . .	COORD	 00000140 _DATA	
inputHandler . . . . . . . . . .	DWord	 00000000 _DATA	
lightBlue  . . . . . . . . . . .	Number	 00000009h   
lightCyan  . . . . . . . . . . .	Number	 0000000Bh   
lightGray  . . . . . . . . . . .	Number	 00000007h   
lightGreen . . . . . . . . . . .	Number	 0000000Ah   
lightMagenta . . . . . . . . . .	Number	 0000000Dh   
lightRed . . . . . . . . . . . .	Number	 0000000Ch   
line . . . . . . . . . . . . . .	Byte	 00000D36 _DATA	
magenta  . . . . . . . . . . . .	Number	 00000005h   
msgSize  . . . . . . . . . . . .	DWord	 0000006F _DATA	
newLine  . . . . . . . . . . . .	Text   	 0dh, 0ah
outputHandler  . . . . . . . . .	DWord	 00000004 _DATA	
pSize  . . . . . . . . . . . . .	DWord	 0000011D _DATA	
pString  . . . . . . . . . . . .	Byte	 0000011A _DATA	
perfMsg  . . . . . . . . . . . .	Byte	 0000008E _DATA	
perfPos  . . . . . . . . . . . .	COORD	 00000144 _DATA	
perfSize . . . . . . . . . . . .	DWord	 000000AD _DATA	
perfectFlag  . . . . . . . . . .	Byte	 0000013F _DATA	
perfectWords . . . . . . . . . .	DWord	 0000015C _DATA	
red  . . . . . . . . . . . . . .	Number	 00000004h   
scorePos . . . . . . . . . . . .	COORD	 00000148 _DATA	
scoreString  . . . . . . . . . .	Byte	 00000D1E _DATA	
startTime  . . . . . . . . . . .	DWord	 00000132 _DATA	
tempAddress  . . . . . . . . . .	DWord	 0000012E _DATA	
testMsg  . . . . . . . . . . . .	Byte	 00000008 _DATA	
timeFlag . . . . . . . . . . . .	Byte	 0000013E _DATA	
timeMsg1 . . . . . . . . . . . .	Byte	 000000B1 _DATA	
tms1 . . . . . . . . . . . . . .	DWord	 000000D6 _DATA	
white  . . . . . . . . . . . . .	Number	 0000000Fh   
wmSize . . . . . . . . . . . . .	DWord	 0000008A _DATA	
wordCounter  . . . . . . . . . .	DWord	 00000158 _DATA	
wordIndex  . . . . . . . . . . .	DWord	 00000164 _DATA	
wordMsg  . . . . . . . . . . . .	Byte	 00000073 _DATA	
wordString . . . . . . . . . . .	Byte	 00000CFF _DATA	
wsprintf . . . . . . . . . . . .	Text   	 wsprintfA
yellow . . . . . . . . . . . . .	Number	 0000000Eh   

	   0 Warnings
	   0 Errors
